#
# There is insufficient memory for the Java Runtime Environment to continue.
# Native memory allocation (malloc) failed to allocate 88604672 bytes for committing reserved memory.
# Possible reasons:
#   The system is out of physical RAM or swap space
#   In 32 bit mode, the process size limit was hit
# Possible solutions:
#   Reduce memory load on the system
#   Increase physical memory or swap space
#   Check if swap backing store is full
#   Use 64 bit Java on a 64 bit OS
#   Decrease Java heap size (-Xmx/-Xms)
#   Decrease number of Java threads
#   Decrease Java thread stack sizes (-Xss)
#   Set larger code cache with -XX:ReservedCodeCacheSize=
# This output file may be truncated or incomplete.
#
#  Out of Memory Error (os_linux.cpp:2756), pid=14216, tid=139956182230784
#
# JRE version: Java(TM) SE Runtime Environment (7.0_80-b15) (build 1.7.0_80-b15)
# Java VM: Java HotSpot(TM) 64-Bit Server VM (24.80-b11 mixed mode linux-amd64 compressed oops)
# Failed to write core dump. Core dumps have been disabled. To enable core dumping, try "ulimit -c unlimited" before starting Java again
#

---------------  T H R E A D  ---------------

Current thread (0x00007f4a1c06a000):  VMThread [stack: 0x00007f4a1676a000,0x00007f4a1686b000] [id=14246]

Stack: [0x00007f4a1676a000,0x00007f4a1686b000],  sp=0x00007f4a16869180,  free space=1020k
Native frames: (J=compiled Java code, j=interpreted, Vv=VM code, C=native code)
V  [libjvm.so+0x9a320a]  VMError::report_and_die()+0x2ea
V  [libjvm.so+0x498d3b]  report_vm_out_of_memory(char const*, int, unsigned long, char const*)+0x9b
V  [libjvm.so+0x82191e]  os::Linux::commit_memory_impl(char*, unsigned long, bool)+0xfe
V  [libjvm.so+0x821e69]  os::pd_commit_memory(char*, unsigned long, unsigned long, bool)+0x29
V  [libjvm.so+0x81bb6a]  os::commit_memory(char*, unsigned long, unsigned long, bool)+0x2a
V  [libjvm.so+0x88d623]  PSVirtualSpace::expand_by(unsigned long)+0x53
V  [libjvm.so+0x88e9f8]  PSYoungGen::resize_generation(unsigned long, unsigned long)+0xf8
V  [libjvm.so+0x88db62]  PSYoungGen::resize(unsigned long, unsigned long)+0x22
V  [libjvm.so+0x88af1d]  PSScavenge::invoke_no_policy()+0xf3d
V  [libjvm.so+0x88b761]  PSScavenge::invoke()+0x41
V  [libjvm.so+0x843f40]  ParallelScavengeHeap::failed_mem_allocate(unsigned long)+0x70
V  [libjvm.so+0x9a4a97]  VM_ParallelGCFailedAllocation::doit()+0x97
V  [libjvm.so+0x9abf35]  VM_Operation::evaluate()+0x55
V  [libjvm.so+0x9aa2fa]  VMThread::evaluate_operation(VM_Operation*)+0xba
V  [libjvm.so+0x9aa67e]  VMThread::loop()+0x1ce
V  [libjvm.so+0x9aaaf0]  VMThread::run()+0x70
V  [libjvm.so+0x8238c8]  java_start(Thread*)+0x108

VM_Operation (0x00007f4a24627de0): ParallelGCFailedAllocation, mode: safepoint, requested by thread 0x00007f4a1c00a000


---------------  P R O C E S S  ---------------

Java Threads: ( => current thread )
  0x00007f4a1c098000 JavaThread "Service Thread" daemon [_thread_blocked, id=14270, stack(0x00007f4a15e8c000,0x00007f4a15f8d000)]
  0x00007f4a1c096000 JavaThread "C2 CompilerThread1" daemon [_thread_blocked, id=14269, stack(0x00007f4a15f8d000,0x00007f4a1608e000)]
  0x00007f4a1c093000 JavaThread "C2 CompilerThread0" daemon [_thread_blocked, id=14262, stack(0x00007f4a1608e000,0x00007f4a1618f000)]
  0x00007f4a1c091000 JavaThread "Signal Dispatcher" daemon [_thread_blocked, id=14256, stack(0x00007f4a1618f000,0x00007f4a16290000)]
  0x00007f4a1c070000 JavaThread "Finalizer" daemon [_thread_blocked, id=14254, stack(0x00007f4a16568000,0x00007f4a16669000)]
  0x00007f4a1c06e000 JavaThread "Reference Handler" daemon [_thread_blocked, id=14253, stack(0x00007f4a16669000,0x00007f4a1676a000)]
  0x00007f4a1c00a000 JavaThread "main" [_thread_blocked, id=14224, stack(0x00007f4a24529000,0x00007f4a2462a000)]

Other Threads:
=>0x00007f4a1c06a000 VMThread [stack: 0x00007f4a1676a000,0x00007f4a1686b000] [id=14246]
  0x00007f4a1c0a3000 WatcherThread [stack: 0x00007f4a15d8b000,0x00007f4a15e8c000] [id=14274]

VM state:at safepoint (normal execution)

VM Mutex/Monitor currently owned by a thread:  ([mutex/lock_event])
[0x00007f4a1c006590] Threads_lock - owner thread: 0x00007f4a1c06a000
[0x00007f4a1c006a90] Heap_lock - owner thread: 0x00007f4a1c00a000

Heap
 PSYoungGen      total 138240K, used 18406K [0x00000000eaa80000, 0x00000000f4780000, 0x0000000100000000)
  eden space 119808K, 0% used [0x00000000eaa80000,0x00000000eaa80000,0x00000000f1f80000)
  from space 18432K, 99% used [0x00000000f1f80000,0x00000000f31799d8,0x00000000f3180000)
  to   space 14336K, 0% used [0x00000000f3180000,0x00000000f3180000,0x00000000f3f80000)
 ParOldGen       total 42496K, used 42388K [0x00000000c0000000, 0x00000000c2980000, 0x00000000eaa80000)
  object space 42496K, 99% used [0x00000000c0000000,0x00000000c2965198,0x00000000c2980000)
 PSPermGen       total 21504K, used 5718K [0x00000000bae00000, 0x00000000bc300000, 0x00000000c0000000)
  object space 21504K, 26% used [0x00000000bae00000,0x00000000bb395890,0x00000000bc300000)

Card table byte_map: [0x00007f4a215e4000,0x00007f4a2180e000] byte_map_base: 0x00007f4a2100d000

Polling page: 0x00007f4a2464b000

Code Cache  [0x00007f4a19000000, 0x00007f4a19310000, 0x00007f4a1c000000)
 total_blobs=912 nmethods=685 adapters=180 free_code_cache=46092Kb largest_free_block=47146048

Compilation events (10 events):
Event: 21.458 Thread 0x00007f4a1c096000  705             com.android.dx.cf.code.BaseMachine::popArgs (72 bytes)
Event: 21.460 Thread 0x00007f4a1c096000 nmethod 705 0x00007f4a190c18d0 code [0x00007f4a190c1a20, 0x00007f4a190c1b18]
Event: 21.515 Thread 0x00007f4a1c096000  706             java.util.TreeMap::size (5 bytes)
Event: 21.516 Thread 0x00007f4a1c096000 nmethod 706 0x00007f4a192bd450 code [0x00007f4a192bd580, 0x00007f4a192bd5d8]
Event: 21.762 Thread 0x00007f4a1c093000  707             com.android.dx.rop.cst.CstKnownNull::getType (4 bytes)
Event: 21.762 Thread 0x00007f4a1c093000 nmethod 707 0x00007f4a190c41d0 code [0x00007f4a190c4300, 0x00007f4a190c4358]
Event: 21.766 Thread 0x00007f4a1c096000  708             com.android.dx.ssa.BasicRegisterMapper::oldToNew (22 bytes)
Event: 21.767 Thread 0x00007f4a1c096000 nmethod 708 0x00007f4a19069010 code [0x00007f4a19069160, 0x00007f4a19069218]
Event: 23.113 Thread 0x00007f4a1c093000  709             com.android.dx.rop.code.AccessFlags::isStatic (13 bytes)
Event: 23.113 Thread 0x00007f4a1c093000 nmethod 709 0x00007f4a190c3fd0 code [0x00007f4a190c4100, 0x00007f4a190c4158]

GC Heap History (10 events):
Event: 9.781 GC heap after
Heap after GC invocations=4 (full 0):
 PSYoungGen      total 34304K, used 2528K [0x00000000eaa80000, 0x00000000ece80000, 0x0000000100000000)
  eden space 31744K, 0% used [0x00000000eaa80000,0x00000000eaa80000,0x00000000ec980000)
  from space 2560K, 98% used [0x00000000ecc00000,0x00000000ece78028,0x00000000ece80000)
  to   space 2560K, 0% used [0x00000000ec980000,0x00000000ec980000,0x00000000ecc00000)
 ParOldGen       total 41472K, used 9115K [0x00000000c0000000, 0x00000000c2880000, 0x00000000eaa80000)
  object space 41472K, 21% used [0x00000000c0000000,0x00000000c08e6ee8,0x00000000c2880000)
 PSPermGen       total 21504K, used 5554K [0x00000000bae00000, 0x00000000bc300000, 0x00000000c0000000)
  object space 21504K, 25% used [0x00000000bae00000,0x00000000bb36c908,0x00000000bc300000)
}
Event: 12.051 GC heap before
{Heap before GC invocations=5 (full 0):
 PSYoungGen      total 34304K, used 34272K [0x00000000eaa80000, 0x00000000ece80000, 0x0000000100000000)
  eden space 31744K, 100% used [0x00000000eaa80000,0x00000000ec980000,0x00000000ec980000)
  from space 2560K, 98% used [0x00000000ecc00000,0x00000000ece78028,0x00000000ece80000)
  to   space 2560K, 0% used [0x00000000ec980000,0x00000000ec980000,0x00000000ecc00000)
 ParOldGen       total 41472K, used 9115K [0x00000000c0000000, 0x00000000c2880000, 0x00000000eaa80000)
  object space 41472K, 21% used [0x00000000c0000000,0x00000000c08e6ee8,0x00000000c2880000)
 PSPermGen       total 21504K, used 5584K [0x00000000bae00000, 0x00000000bc300000, 0x00000000c0000000)
  object space 21504K, 25% used [0x00000000bae00000,0x00000000bb374398,0x00000000bc300000)
Event: 12.174 GC heap after
Heap after GC invocations=5 (full 0):
 PSYoungGen      total 34304K, used 2550K [0x00000000eaa80000, 0x00000000ef780000, 0x0000000100000000)
  eden space 31744K, 0% used [0x00000000eaa80000,0x00000000eaa80000,0x00000000ec980000)
  from space 2560K, 99% used [0x00000000ec980000,0x00000000ecbfdbd8,0x00000000ecc00000)
  to   space 7680K, 0% used [0x00000000ef000000,0x00000000ef000000,0x00000000ef780000)
 ParOldGen       total 41472K, used 14191K [0x00000000c0000000, 0x00000000c2880000, 0x00000000eaa80000)
  object space 41472K, 34% used [0x00000000c0000000,0x00000000c0ddbfd8,0x00000000c2880000)
 PSPermGen       total 21504K, used 5584K [0x00000000bae00000, 0x00000000bc300000, 0x00000000c0000000)
  object space 21504K, 25% used [0x00000000bae00000,0x00000000bb374398,0x00000000bc300000)
}
Event: 14.175 GC heap before
{Heap before GC invocations=6 (full 0):
 PSYoungGen      total 34304K, used 34294K [0x00000000eaa80000, 0x00000000ef780000, 0x0000000100000000)
  eden space 31744K, 100% used [0x00000000eaa80000,0x00000000ec980000,0x00000000ec980000)
  from space 2560K, 99% used [0x00000000ec980000,0x00000000ecbfdbd8,0x00000000ecc00000)
  to   space 7680K, 0% used [0x00000000ef000000,0x00000000ef000000,0x00000000ef780000)
 ParOldGen       total 41472K, used 14191K [0x00000000c0000000, 0x00000000c2880000, 0x00000000eaa80000)
  object space 41472K, 34% used [0x00000000c0000000,0x00000000c0ddbfd8,0x00000000c2880000)
 PSPermGen       total 21504K, used 5617K [0x00000000bae00000, 0x00000000bc300000, 0x00000000c0000000)
  object space 21504K, 26% used [0x00000000bae00000,0x00000000bb37c4d0,0x00000000bc300000)
Event: 14.774 GC heap after
Heap after GC invocations=6 (full 0):
 PSYoungGen      total 69632K, used 7664K [0x00000000eaa80000, 0x00000000efa80000, 0x0000000100000000)
  eden space 61952K, 0% used [0x00000000eaa80000,0x00000000eaa80000,0x00000000ee700000)
  from space 7680K, 99% used [0x00000000ef000000,0x00000000ef77c2a0,0x00000000ef780000)
  to   space 9216K, 0% used [0x00000000ee700000,0x00000000ee700000,0x00000000ef000000)
 ParOldGen       total 41472K, used 14790K [0x00000000c0000000, 0x00000000c2880000, 0x00000000eaa80000)
  object space 41472K, 35% used [0x00000000c0000000,0x00000000c0e71990,0x00000000c2880000)
 PSPermGen       total 21504K, used 5617K [0x00000000bae00000, 0x00000000bc300000, 0x00000000c0000000)
  object space 21504K, 26% used [0x00000000bae00000,0x00000000bb37c4d0,0x00000000bc300000)
}
Event: 17.633 GC heap before
{Heap before GC invocations=7 (full 0):
 PSYoungGen      total 69632K, used 69616K [0x00000000eaa80000, 0x00000000efa80000, 0x0000000100000000)
  eden space 61952K, 100% used [0x00000000eaa80000,0x00000000ee700000,0x00000000ee700000)
  from space 7680K, 99% used [0x00000000ef000000,0x00000000ef77c2a0,0x00000000ef780000)
  to   space 9216K, 0% used [0x00000000ee700000,0x00000000ee700000,0x00000000ef000000)
 ParOldGen       total 41472K, used 14790K [0x00000000c0000000, 0x00000000c2880000, 0x00000000eaa80000)
  object space 41472K, 35% used [0x00000000c0000000,0x00000000c0e71990,0x00000000c2880000)
 PSPermGen       total 21504K, used 5639K [0x00000000bae00000, 0x00000000bc300000, 0x00000000c0000000)
  object space 21504K, 26% used [0x00000000bae00000,0x00000000bb381c30,0x00000000bc300000)
Event: 19.267 GC heap after
Heap after GC invocations=7 (full 0):
 PSYoungGen      total 71168K, used 9214K [0x00000000eaa80000, 0x00000000f3f80000, 0x0000000100000000)
  eden space 61952K, 0% used [0x00000000eaa80000,0x00000000eaa80000,0x00000000ee700000)
  from space 9216K, 99% used [0x00000000ee700000,0x00000000eefffab8,0x00000000ef000000)
  to   space 14336K, 0% used [0x00000000f3180000,0x00000000f3180000,0x00000000f3f80000)
 ParOldGen       total 41472K, used 22758K [0x00000000c0000000, 0x00000000c2880000, 0x00000000eaa80000)
  object space 41472K, 54% used [0x00000000c0000000,0x00000000c16399c0,0x00000000c2880000)
 PSPermGen       total 21504K, used 5639K [0x00000000bae00000, 0x00000000bc300000, 0x00000000c0000000)
  object space 21504K, 26% used [0x00000000bae00000,0x00000000bb381c30,0x00000000bc300000)
}
Event: 20.437 GC heap before
{Heap before GC invocations=8 (full 0):
 PSYoungGen      total 71168K, used 71166K [0x00000000eaa80000, 0x00000000f3f80000, 0x0000000100000000)
  eden space 61952K, 100% used [0x00000000eaa80000,0x00000000ee700000,0x00000000ee700000)
  from space 9216K, 99% used [0x00000000ee700000,0x00000000eefffab8,0x00000000ef000000)
  to   space 14336K, 0% used [0x00000000f3180000,0x00000000f3180000,0x00000000f3f80000)
 ParOldGen       total 41472K, used 22758K [0x00000000c0000000, 0x00000000c2880000, 0x00000000eaa80000)
  object space 41472K, 54% used [0x00000000c0000000,0x00000000c16399c0,0x00000000c2880000)
 PSPermGen       total 21504K, used 5663K [0x00000000bae00000, 0x00000000bc300000, 0x00000000c0000000)
  object space 21504K, 26% used [0x00000000bae00000,0x00000000bb387e70,0x00000000bc300000)
Event: 20.537 GC heap after
Heap after GC invocations=8 (full 0):
 PSYoungGen      total 134144K, used 14324K [0x00000000eaa80000, 0x00000000f4780000, 0x0000000100000000)
  eden space 119808K, 0% used [0x00000000eaa80000,0x00000000eaa80000,0x00000000f1f80000)
  from space 14336K, 99% used [0x00000000f3180000,0x00000000f3f7d158,0x00000000f3f80000)
  to   space 18432K, 0% used [0x00000000f1f80000,0x00000000f1f80000,0x00000000f3180000)
 ParOldGen       total 41472K, used 27286K [0x00000000c0000000, 0x00000000c2880000, 0x00000000eaa80000)
  object space 41472K, 65% used [0x00000000c0000000,0x00000000c1aa5ab8,0x00000000c2880000)
 PSPermGen       total 21504K, used 5663K [0x00000000bae00000, 0x00000000bc300000, 0x00000000c0000000)
  object space 21504K, 26% used [0x00000000bae00000,0x00000000bb387e70,0x00000000bc300000)
}
Event: 23.120 GC heap before
{Heap before GC invocations=9 (full 0):
 PSYoungGen      total 134144K, used 134132K [0x00000000eaa80000, 0x00000000f4780000, 0x0000000100000000)
  eden space 119808K, 100% used [0x00000000eaa80000,0x00000000f1f80000,0x00000000f1f80000)
  from space 14336K, 99% used [0x00000000f3180000,0x00000000f3f7d158,0x00000000f3f80000)
  to   space 18432K, 0% used [0x00000000f1f80000,0x00000000f1f80000,0x00000000f3180000)
 ParOldGen       total 41472K, used 27286K [0x00000000c0000000, 0x00000000c2880000, 0x00000000eaa80000)
  object space 41472K, 65% used [0x00000000c0000000,0x00000000c1aa5ab8,0x00000000c2880000)
 PSPermGen       total 21504K, used 5718K [0x00000000bae00000, 0x00000000bc300000, 0x00000000c0000000)
  object space 21504K, 26% used [0x00000000bae00000,0x00000000bb395890,0x00000000bc300000)

Deoptimization events (10 events):
Event: 19.463 Thread 0x00007f4a1c00a000 Uncommon trap: reason=class_check action=maybe_recompile pc=0x00007f4a1926f510 method=com.android.dx.cf.code.Ropper.processBlock(Lcom/android/dx/cf/code/ByteBlock;Lcom/android/dx/cf/code/Frame;[I)V @ 777
Event: 19.463 Thread 0x00007f4a1c00a000 Uncommon trap: reason=class_check action=maybe_recompile pc=0x00007f4a1926f510 method=com.android.dx.cf.code.Ropper.processBlock(Lcom/android/dx/cf/code/ByteBlock;Lcom/android/dx/cf/code/Frame;[I)V @ 777
Event: 19.771 Thread 0x00007f4a1c00a000 Uncommon trap: reason=bimorphic action=maybe_recompile pc=0x00007f4a19290d00 method=com.android.dx.cf.code.BytecodeArray.parseInstruction(ILcom/android/dx/cf/code/BytecodeArray$Visitor;)I @ 923
Event: 19.771 Thread 0x00007f4a1c00a000 Uncommon trap: reason=bimorphic action=maybe_recompile pc=0x00007f4a19290c84 method=com.android.dx.cf.code.BytecodeArray.parseInstruction(ILcom/android/dx/cf/code/BytecodeArray$Visitor;)I @ 907
Event: 19.771 Thread 0x00007f4a1c00a000 Uncommon trap: reason=bimorphic action=maybe_recompile pc=0x00007f4a19291384 method=com.android.dx.cf.code.BytecodeArray.parseInstruction(ILcom/android/dx/cf/code/BytecodeArray$Visitor;)I @ 1287
Event: 19.771 Thread 0x00007f4a1c00a000 Uncommon trap: reason=bimorphic action=maybe_recompile pc=0x00007f4a19290d00 method=com.android.dx.cf.code.BytecodeArray.parseInstruction(ILcom/android/dx/cf/code/BytecodeArray$Visitor;)I @ 923
Event: 20.718 Thread 0x00007f4a1c00a000 Uncommon trap: reason=null_check action=make_not_entrant pc=0x00007f4a192c52b8 method=com.android.dx.cf.code.Ropper$CatchInfo.getSetup(Lcom/android/dx/rop/type/Type;)Lcom/android/dx/cf/code/Ropper$ExceptionHandlerSetup; @ 10
Event: 21.074 Thread 0x00007f4a1c00a000 Uncommon trap: reason=unstable_if action=reinterpret pc=0x00007f4a1921d4a8 method=com.android.dx.cf.code.Merger.mergeType(Lcom/android/dx/rop/type/TypeBearer;Lcom/android/dx/rop/type/TypeBearer;)Lcom/android/dx/rop/type/TypeBearer; @ 52
Event: 21.191 Thread 0x00007f4a1c00a000 Uncommon trap: reason=unstable_if action=reinterpret pc=0x00007f4a1920da68 method=com.android.dx.cf.code.Merger.mergeType(Lcom/android/dx/rop/type/TypeBearer;Lcom/android/dx/rop/type/TypeBearer;)Lcom/android/dx/rop/type/TypeBearer; @ 52
Event: 21.367 Thread 0x00007f4a1c00a000 Uncommon trap: reason=unstable_if action=reinterpret pc=0x00007f4a192a30a0 method=com.android.dx.cf.direct.StdAttributeFactory.parse0(Lcom/android/dx/cf/direct/DirectClassFile;ILjava/lang/String;IILcom/android/dx/cf/iface/ParseObserver;)Lcom/android/dx/cf

Internal exceptions (10 events):
Event: 7.751 Thread 0x00007f4a1c00a000 Threw 0x00000000eb635be0 at /HUDSON/workspace/7u-2-build-linux-amd64/jdk7u80/2329/hotspot/src/share/vm/prims/jvm.cpp:1319
Event: 7.854 Thread 0x00007f4a1c00a000 Implicit null exception at 0x00007f4a19096392 to 0x00007f4a19096486
Event: 8.437 Thread 0x00007f4a1c00a000 Threw 0x00000000eace9838 at /HUDSON/workspace/7u-2-build-linux-amd64/jdk7u80/2329/hotspot/src/share/vm/prims/jvm.cpp:1319
Event: 9.564 Thread 0x00007f4a1c00a000 Implicit null exception at 0x00007f4a19145cbb to 0x00007f4a19146371
Event: 10.499 Thread 0x00007f4a1c00a000 Implicit null exception at 0x00007f4a191289e6 to 0x00007f4a191294a1
Event: 10.712 Thread 0x00007f4a1c00a000 Threw 0x00000000eb9fae20 at /HUDSON/workspace/7u-2-build-linux-amd64/jdk7u80/2329/hotspot/src/share/vm/prims/jvm.cpp:1319
Event: 15.618 Thread 0x00007f4a1c00a000 Implicit null exception at 0x00007f4a1921f054 to 0x00007f4a1921fe45
Event: 15.962 Thread 0x00007f4a1c00a000 Threw 0x00000000eca63ad8 at /HUDSON/workspace/7u-2-build-linux-amd64/jdk7u80/2329/hotspot/src/share/vm/prims/jvm.cpp:1319
Event: 16.176 Thread 0x00007f4a1c00a000 Implicit null exception at 0x00007f4a1925551c to 0x00007f4a192579fd
Event: 20.718 Thread 0x00007f4a1c00a000 Implicit null exception at 0x00007f4a192c129c to 0x00007f4a192c525d

Events (10 events):
Event: 21.074 Thread 0x00007f4a1c00a000 DEOPT PACKING pc=0x00007f4a1921d4a8 sp=0x00007f4a24627d50
Event: 21.074 Thread 0x00007f4a1c00a000 DEOPT UNPACKING pc=0x00007f4a19039445 sp=0x00007f4a24627ca0 mode 2
Event: 21.191 Thread 0x00007f4a1c00a000 Uncommon trap: trap_request=0xffffff75 fr.pc=0x00007f4a1920da68
Event: 21.191 Thread 0x00007f4a1c00a000 DEOPT PACKING pc=0x00007f4a1920da68 sp=0x00007f4a24627ce0
Event: 21.191 Thread 0x00007f4a1c00a000 DEOPT UNPACKING pc=0x00007f4a19039445 sp=0x00007f4a24627ca0 mode 2
Event: 21.367 Thread 0x00007f4a1c00a000 Uncommon trap: trap_request=0xffffff75 fr.pc=0x00007f4a192a30a0
Event: 21.367 Thread 0x00007f4a1c00a000 DEOPT PACKING pc=0x00007f4a192a30a0 sp=0x00007f4a246280e0
Event: 21.367 Thread 0x00007f4a1c00a000 DEOPT UNPACKING pc=0x00007f4a19039445 sp=0x00007f4a24628098 mode 2
Event: 21.762 Thread 0x00007f4a1c093000 flushing nmethod 0x00007f4a19068e50
Event: 23.120 Executing VM operation: ParallelGCFailedAllocation


Dynamic libraries:
00400000-00401000 r-xp 00000000 08:02 5255044                            /usr/lib/jvm/java-7-oracle/bin/java
00600000-00601000 rw-p 00000000 08:02 5255044                            /usr/lib/jvm/java-7-oracle/bin/java
01866000-01887000 rw-p 00000000 00:00 0                                  [heap]
bae00000-bc300000 rw-p 00000000 00:00 0 
bc300000-c0000000 rw-p 00000000 00:00 0 
c0000000-c2980000 rw-p 00000000 00:00 0 
c2980000-eaa80000 rw-p 00000000 00:00 0 
eaa80000-f4780000 rw-p 00000000 00:00 0 
f9c00000-100000000 rw-p 00000000 00:00 0 
7f49e0000000-7f49e0021000 rw-p 00000000 00:00 0 
7f49e0021000-7f49e4000000 ---p 00000000 00:00 0 
7f49e8000000-7f49e8fef000 rw-p 00000000 00:00 0 
7f49e8fef000-7f49ec000000 ---p 00000000 00:00 0 
7f49ec000000-7f49ec021000 rw-p 00000000 00:00 0 
7f49ec021000-7f49f0000000 ---p 00000000 00:00 0 
7f49f0000000-7f49f0021000 rw-p 00000000 00:00 0 
7f49f0021000-7f49f4000000 ---p 00000000 00:00 0 
7f49f4000000-7f49f5600000 rw-p 00000000 00:00 0 
7f49f5600000-7f49f8000000 ---p 00000000 00:00 0 
7f49f8000000-7f49f8021000 rw-p 00000000 00:00 0 
7f49f8021000-7f49fc000000 ---p 00000000 00:00 0 
7f49fc000000-7f49fc021000 rw-p 00000000 00:00 0 
7f49fc021000-7f4a00000000 ---p 00000000 00:00 0 
7f4a00000000-7f4a00021000 rw-p 00000000 00:00 0 
7f4a00021000-7f4a04000000 ---p 00000000 00:00 0 
7f4a04000000-7f4a04250000 rw-p 00000000 00:00 0 
7f4a04250000-7f4a08000000 ---p 00000000 00:00 0 
7f4a08000000-7f4a08021000 rw-p 00000000 00:00 0 
7f4a08021000-7f4a0c000000 ---p 00000000 00:00 0 
7f4a0c000000-7f4a0c021000 rw-p 00000000 00:00 0 
7f4a0c021000-7f4a10000000 ---p 00000000 00:00 0 
7f4a10000000-7f4a10021000 rw-p 00000000 00:00 0 
7f4a10021000-7f4a14000000 ---p 00000000 00:00 0 
7f4a15662000-7f4a15963000 rw-p 00000000 00:00 0 
7f4a15963000-7f4a1597a000 r-xp 00000000 08:02 5249039                    /usr/lib/jvm/java-7-oracle/jre/lib/amd64/libnet.so
7f4a1597a000-7f4a15b79000 ---p 00017000 08:02 5249039                    /usr/lib/jvm/java-7-oracle/jre/lib/amd64/libnet.so
7f4a15b79000-7f4a15b7a000 rw-p 00016000 08:02 5249039                    /usr/lib/jvm/java-7-oracle/jre/lib/amd64/libnet.so
7f4a15b7a000-7f4a15b8a000 r-xp 00000000 08:02 5249003                    /usr/lib/jvm/java-7-oracle/jre/lib/amd64/libnio.so
7f4a15b8a000-7f4a15d8a000 ---p 00010000 08:02 5249003                    /usr/lib/jvm/java-7-oracle/jre/lib/amd64/libnio.so
7f4a15d8a000-7f4a15d8b000 rw-p 00010000 08:02 5249003                    /usr/lib/jvm/java-7-oracle/jre/lib/amd64/libnio.so
7f4a15d8b000-7f4a15d8c000 ---p 00000000 00:00 0 
7f4a15d8c000-7f4a15e8c000 rw-p 00000000 00:00 0 
7f4a15e8c000-7f4a15e8f000 ---p 00000000 00:00 0 
7f4a15e8f000-7f4a15f8d000 rw-p 00000000 00:00 0 
7f4a15f8d000-7f4a15f90000 ---p 00000000 00:00 0 
7f4a15f90000-7f4a1608e000 rw-p 00000000 00:00 0 
7f4a1608e000-7f4a16091000 ---p 00000000 00:00 0 
7f4a16091000-7f4a1618f000 rw-p 00000000 00:00 0 
7f4a1618f000-7f4a16192000 ---p 00000000 00:00 0 
7f4a16192000-7f4a16290000 rw-p 00000000 00:00 0 
7f4a16290000-7f4a16568000 r--p 00000000 08:02 5244264                    /usr/lib/locale/locale-archive
7f4a16568000-7f4a1656b000 ---p 00000000 00:00 0 
7f4a1656b000-7f4a16669000 rw-p 00000000 00:00 0 
7f4a16669000-7f4a1666c000 ---p 00000000 00:00 0 
7f4a1666c000-7f4a1676a000 rw-p 00000000 00:00 0 
7f4a1676a000-7f4a1676b000 ---p 00000000 00:00 0 
7f4a1676b000-7f4a19000000 rw-p 00000000 00:00 0 
7f4a19000000-7f4a19310000 rwxp 00000000 00:00 0 
7f4a19310000-7f4a1c1b6000 rw-p 00000000 00:00 0 
7f4a1c1b6000-7f4a20000000 ---p 00000000 00:00 0 
7f4a2006e000-7f4a20085000 r--s 000fc000 08:06 267391                     /media/yellowsoft/DEVELOPMENT/Android Apps/Deeels/app/build/intermediates/exploded-aar/com.android.support/support-v4/24.0.0-alpha2/jars/classes.jar
7f4a20085000-7f4a20b7f000 rw-p 00000000 00:00 0 
7f4a20b7f000-7f4a20d3f000 r--s 039fb000 08:02 5249800                    /usr/lib/jvm/java-7-oracle/jre/lib/rt.jar
7f4a20d3f000-7f4a21061000 rw-p 00000000 00:00 0 
7f4a21061000-7f4a21062000 ---p 00000000 00:00 0 
7f4a21062000-7f4a21162000 rw-p 00000000 00:00 0 
7f4a21162000-7f4a21163000 ---p 00000000 00:00 0 
7f4a21163000-7f4a21263000 rw-p 00000000 00:00 0 
7f4a21263000-7f4a21264000 ---p 00000000 00:00 0 
7f4a21264000-7f4a21364000 rw-p 00000000 00:00 0 
7f4a21364000-7f4a21365000 ---p 00000000 00:00 0 
7f4a21365000-7f4a21470000 rw-p 00000000 00:00 0 
7f4a21470000-7f4a2148e000 rw-p 00000000 00:00 0 
7f4a2148e000-7f4a214a3000 rw-p 00000000 00:00 0 
7f4a214a3000-7f4a215e4000 rw-p 00000000 00:00 0 
7f4a215e4000-7f4a215ef000 rw-p 00000000 00:00 0 
7f4a215ef000-7f4a2160d000 rw-p 00000000 00:00 0 
7f4a2160d000-7f4a21622000 rw-p 00000000 00:00 0 
7f4a21622000-7f4a21762000 rw-p 00000000 00:00 0 
7f4a21762000-7f4a217b1000 rw-p 00000000 00:00 0 
7f4a217b1000-7f4a2180d000 rw-p 00000000 00:00 0 
7f4a2180d000-7f4a2180e000 rw-p 00000000 00:00 0 
7f4a2180e000-7f4a21825000 r-xp 00000000 08:02 5249034                    /usr/lib/jvm/java-7-oracle/jre/lib/amd64/libzip.so
7f4a21825000-7f4a21a25000 ---p 00017000 08:02 5249034                    /usr/lib/jvm/java-7-oracle/jre/lib/amd64/libzip.so
7f4a21a25000-7f4a21a26000 rw-p 00017000 08:02 5249034                    /usr/lib/jvm/java-7-oracle/jre/lib/amd64/libzip.so
7f4a21a26000-7f4a21a31000 r-xp 00000000 08:02 4587724                    /lib/x86_64-linux-gnu/libnss_files-2.23.so
7f4a21a31000-7f4a21c30000 ---p 0000b000 08:02 4587724                    /lib/x86_64-linux-gnu/libnss_files-2.23.so
7f4a21c30000-7f4a21c31000 r--p 0000a000 08:02 4587724                    /lib/x86_64-linux-gnu/libnss_files-2.23.so
7f4a21c31000-7f4a21c32000 rw-p 0000b000 08:02 4587724                    /lib/x86_64-linux-gnu/libnss_files-2.23.so
7f4a21c32000-7f4a21c38000 rw-p 00000000 00:00 0 
7f4a21c38000-7f4a21c43000 r-xp 00000000 08:02 4587606                    /lib/x86_64-linux-gnu/libnss_nis-2.23.so
7f4a21c43000-7f4a21e42000 ---p 0000b000 08:02 4587606                    /lib/x86_64-linux-gnu/libnss_nis-2.23.so
7f4a21e42000-7f4a21e43000 r--p 0000a000 08:02 4587606                    /lib/x86_64-linux-gnu/libnss_nis-2.23.so
7f4a21e43000-7f4a21e44000 rw-p 0000b000 08:02 4587606                    /lib/x86_64-linux-gnu/libnss_nis-2.23.so
7f4a21e44000-7f4a21e5a000 r-xp 00000000 08:02 4587609                    /lib/x86_64-linux-gnu/libnsl-2.23.so
7f4a21e5a000-7f4a22059000 ---p 00016000 08:02 4587609                    /lib/x86_64-linux-gnu/libnsl-2.23.so
7f4a22059000-7f4a2205a000 r--p 00015000 08:02 4587609                    /lib/x86_64-linux-gnu/libnsl-2.23.so
7f4a2205a000-7f4a2205b000 rw-p 00016000 08:02 4587609                    /lib/x86_64-linux-gnu/libnsl-2.23.so
7f4a2205b000-7f4a2205d000 rw-p 00000000 00:00 0 
7f4a2205d000-7f4a22065000 r-xp 00000000 08:02 4587728                    /lib/x86_64-linux-gnu/libnss_compat-2.23.so
7f4a22065000-7f4a22264000 ---p 00008000 08:02 4587728                    /lib/x86_64-linux-gnu/libnss_compat-2.23.so
7f4a22264000-7f4a22265000 r--p 00007000 08:02 4587728                    /lib/x86_64-linux-gnu/libnss_compat-2.23.so
7f4a22265000-7f4a22266000 rw-p 00008000 08:02 4587728                    /lib/x86_64-linux-gnu/libnss_compat-2.23.so
7f4a22266000-7f4a2228f000 r-xp 00000000 08:02 5248998                    /usr/lib/jvm/java-7-oracle/jre/lib/amd64/libjava.so
7f4a2228f000-7f4a2248f000 ---p 00029000 08:02 5248998                    /usr/lib/jvm/java-7-oracle/jre/lib/amd64/libjava.so
7f4a2248f000-7f4a22491000 rw-p 00029000 08:02 5248998                    /usr/lib/jvm/java-7-oracle/jre/lib/amd64/libjava.so
7f4a22491000-7f4a2249e000 r-xp 00000000 08:02 5249027                    /usr/lib/jvm/java-7-oracle/jre/lib/amd64/libverify.so
7f4a2249e000-7f4a2269d000 ---p 0000d000 08:02 5249027                    /usr/lib/jvm/java-7-oracle/jre/lib/amd64/libverify.so
7f4a2269d000-7f4a2269f000 rw-p 0000c000 08:02 5249027                    /usr/lib/jvm/java-7-oracle/jre/lib/amd64/libverify.so
7f4a2269f000-7f4a226a6000 r-xp 00000000 08:02 4587730                    /lib/x86_64-linux-gnu/librt-2.23.so
7f4a226a6000-7f4a228a5000 ---p 00007000 08:02 4587730                    /lib/x86_64-linux-gnu/librt-2.23.so
7f4a228a5000-7f4a228a6000 r--p 00006000 08:02 4587730                    /lib/x86_64-linux-gnu/librt-2.23.so
7f4a228a6000-7f4a228a7000 rw-p 00007000 08:02 4587730                    /lib/x86_64-linux-gnu/librt-2.23.so
7f4a228a7000-7f4a229af000 r-xp 00000000 08:02 4587608                    /lib/x86_64-linux-gnu/libm-2.23.so
7f4a229af000-7f4a22bae000 ---p 00108000 08:02 4587608                    /lib/x86_64-linux-gnu/libm-2.23.so
7f4a22bae000-7f4a22baf000 r--p 00107000 08:02 4587608                    /lib/x86_64-linux-gnu/libm-2.23.so
7f4a22baf000-7f4a22bb0000 rw-p 00108000 08:02 4587608                    /lib/x86_64-linux-gnu/libm-2.23.so
7f4a22bb0000-7f4a23726000 r-xp 00000000 08:02 5249054                    /usr/lib/jvm/java-7-oracle/jre/lib/amd64/server/libjvm.so
7f4a23726000-7f4a23925000 ---p 00b76000 08:02 5249054                    /usr/lib/jvm/java-7-oracle/jre/lib/amd64/server/libjvm.so
7f4a23925000-7f4a239e9000 rw-p 00b75000 08:02 5249054                    /usr/lib/jvm/java-7-oracle/jre/lib/amd64/server/libjvm.so
7f4a239e9000-7f4a23a2a000 rw-p 00000000 00:00 0 
7f4a23a2a000-7f4a23be9000 r-xp 00000000 08:02 4587610                    /lib/x86_64-linux-gnu/libc-2.23.so
7f4a23be9000-7f4a23de9000 ---p 001bf000 08:02 4587610                    /lib/x86_64-linux-gnu/libc-2.23.so
7f4a23de9000-7f4a23ded000 r--p 001bf000 08:02 4587610                    /lib/x86_64-linux-gnu/libc-2.23.so
7f4a23ded000-7f4a23def000 rw-p 001c3000 08:02 4587610                    /lib/x86_64-linux-gnu/libc-2.23.so
7f4a23def000-7f4a23df3000 rw-p 00000000 00:00 0 
7f4a23df3000-7f4a23df6000 r-xp 00000000 08:02 4587605                    /lib/x86_64-linux-gnu/libdl-2.23.so
7f4a23df6000-7f4a23ff5000 ---p 00003000 08:02 4587605                    /lib/x86_64-linux-gnu/libdl-2.23.so
7f4a23ff5000-7f4a23ff6000 r--p 00002000 08:02 4587605                    /lib/x86_64-linux-gnu/libdl-2.23.so
7f4a23ff6000-7f4a23ff7000 rw-p 00003000 08:02 4587605                    /lib/x86_64-linux-gnu/libdl-2.23.so
7f4a23ff7000-7f4a2400c000 r-xp 00000000 08:02 5249848                    /usr/lib/jvm/java-7-oracle/lib/amd64/jli/libjli.so
7f4a2400c000-7f4a2420b000 ---p 00015000 08:02 5249848                    /usr/lib/jvm/java-7-oracle/lib/amd64/jli/libjli.so
7f4a2420b000-7f4a2420c000 rw-p 00014000 08:02 5249848                    /usr/lib/jvm/java-7-oracle/lib/amd64/jli/libjli.so
7f4a2420c000-7f4a24224000 r-xp 00000000 08:02 4587738                    /lib/x86_64-linux-gnu/libpthread-2.23.so
7f4a24224000-7f4a24423000 ---p 00018000 08:02 4587738                    /lib/x86_64-linux-gnu/libpthread-2.23.so
7f4a24423000-7f4a24424000 r--p 00017000 08:02 4587738                    /lib/x86_64-linux-gnu/libpthread-2.23.so
7f4a24424000-7f4a24425000 rw-p 00018000 08:02 4587738                    /lib/x86_64-linux-gnu/libpthread-2.23.so
7f4a24425000-7f4a24429000 rw-p 00000000 00:00 0 
7f4a24429000-7f4a2444f000 r-xp 00000000 08:02 4587611                    /lib/x86_64-linux-gnu/ld-2.23.so
7f4a24453000-7f4a24476000 rw-p 00000000 00:00 0 
7f4a24476000-7f4a24529000 rw-p 00000000 00:00 0 
7f4a24529000-7f4a2452c000 ---p 00000000 00:00 0 
7f4a2452c000-7f4a2462e000 rw-p 00000000 00:00 0 
7f4a24633000-7f4a24642000 r--s 000dd000 08:02 527477                     /home/yellowsoft/Android/Sdk/build-tools/22.0.1/lib/dx.jar
7f4a24642000-7f4a2464a000 rw-s 00000000 08:02 789806                     /tmp/hsperfdata_yellowsoft/14216
7f4a2464a000-7f4a2464b000 rw-p 00000000 00:00 0 
7f4a2464b000-7f4a2464c000 ---p 00000000 00:00 0 
7f4a2464c000-7f4a2464e000 rw-p 00000000 00:00 0 
7f4a2464e000-7f4a2464f000 r--p 00025000 08:02 4587611                    /lib/x86_64-linux-gnu/ld-2.23.so
7f4a2464f000-7f4a24650000 rw-p 00026000 08:02 4587611                    /lib/x86_64-linux-gnu/ld-2.23.so
7f4a24650000-7f4a24651000 rw-p 00000000 00:00 0 
7fff29ee4000-7fff29f05000 rw-p 00000000 00:00 0                          [stack]
7fff29faa000-7fff29fac000 r--p 00000000 00:00 0                          [vvar]
7fff29fac000-7fff29fae000 r-xp 00000000 00:00 0                          [vdso]
ffffffffff600000-ffffffffff601000 r-xp 00000000 00:00 0                  [vsyscall]

VM Arguments:
jvm_args: -Xmx1024M -Dfile.encoding=UTF-8 -Duser.country=IN -Duser.language=en -Duser.variant 
java_command: com.android.dx.command.Main --dex --output /media/yellowsoft/DEVELOPMENT/Android Apps/Deeels/app/build/intermediates/pre-dexed/debug/classes-df64cda45cf20f8e7af1b74ebde13708c4eb20d6.jar /media/yellowsoft/DEVELOPMENT/Android Apps/Deeels/app/build/intermediates/exploded-aar/com.android.support/support-v4/24.0.0-alpha2/jars/classes.jar
Launcher Type: SUN_STANDARD

Environment Variables:
JAVA_HOME=/usr/lib/jvm/java-8-oracle
PATH=/usr/local/sbin:/usr/local/bin:/usr/sbin:/usr/bin:/sbin:/bin:/usr/games:/usr/local/games:/snap/bin:/usr/lib/jvm/java-8-oracle/bin:/usr/lib/jvm/java-8-oracle/db/bin:/usr/lib/jvm/java-8-oracle/jre/bin
LD_LIBRARY_PATH=/home/yellowsoft/android-studio/bin:
SHELL=/bin/bash
DISPLAY=:0

Signal Handlers:
SIGSEGV: [libjvm.so+0x9a3b20], sa_mask[0]=0x7ffbfeff, sa_flags=0x10000004
SIGBUS: [libjvm.so+0x9a3b20], sa_mask[0]=0x7ffbfeff, sa_flags=0x10000004
SIGFPE: [libjvm.so+0x81e740], sa_mask[0]=0x7ffbfeff, sa_flags=0x10000004
SIGPIPE: [libjvm.so+0x81e740], sa_mask[0]=0x7ffbfeff, sa_flags=0x10000004
SIGXFSZ: [libjvm.so+0x81e740], sa_mask[0]=0x7ffbfeff, sa_flags=0x10000004
SIGILL: [libjvm.so+0x81e740], sa_mask[0]=0x7ffbfeff, sa_flags=0x10000004
SIGUSR1: SIG_DFL, sa_mask[0]=0x00000000, sa_flags=0x00000000
SIGUSR2: [libjvm.so+0x81ffb0], sa_mask[0]=0x00000004, sa_flags=0x10000004
SIGHUP: [libjvm.so+0x8210d0], sa_mask[0]=0x7ffbfeff, sa_flags=0x10000004
SIGINT: [libjvm.so+0x8210d0], sa_mask[0]=0x7ffbfeff, sa_flags=0x10000004
SIGTERM: [libjvm.so+0x8210d0], sa_mask[0]=0x7ffbfeff, sa_flags=0x10000004
SIGQUIT: [libjvm.so+0x8210d0], sa_mask[0]=0x7ffbfeff, sa_flags=0x10000004


---------------  S Y S T E M  ---------------

OS:stretch/sid

uname:Linux 4.4.0-75-generic #96-Ubuntu SMP Thu Apr 20 09:56:33 UTC 2017 x86_64
libc:glibc 2.23 NPTL 2.23 
rlimit: STACK 8192k, CORE 0k, NPROC 15138, NOFILE 65536, AS infinity
load average:6.60 3.13 2.41

/proc/meminfo:
MemTotal:        3976412 kB
MemFree:          125016 kB
MemAvailable:      36088 kB
Buffers:            2284 kB
Cached:           117508 kB
SwapCached:         2972 kB
Active:          2855472 kB
Inactive:         792712 kB
Active(anon):    2842044 kB
Inactive(anon):   777292 kB
Active(file):      13428 kB
Inactive(file):    15420 kB
Unevictable:          48 kB
Mlocked:              48 kB
SwapTotal:       1975292 kB
SwapFree:            136 kB
Dirty:               660 kB
Writeback:             0 kB
AnonPages:       3527640 kB
Mapped:            70460 kB
Shmem:             90860 kB
Slab:              84624 kB
SReclaimable:      38320 kB
SUnreclaim:        46304 kB
KernelStack:       11408 kB
PageTables:        51620 kB
NFS_Unstable:          0 kB
Bounce:                0 kB
WritebackTmp:          0 kB
CommitLimit:     3963496 kB
Committed_AS:    9384820 kB
VmallocTotal:   34359738367 kB
VmallocUsed:           0 kB
VmallocChunk:          0 kB
HardwareCorrupted:     0 kB
AnonHugePages:   1705984 kB
CmaTotal:              0 kB
CmaFree:               0 kB
HugePages_Total:       0
HugePages_Free:        0
HugePages_Rsvd:        0
HugePages_Surp:        0
Hugepagesize:       2048 kB
DirectMap4k:      166208 kB
DirectMap2M:     2910208 kB
DirectMap1G:     2097152 kB


CPU:total 4 (2 cores per cpu, 2 threads per core) family 6 model 69 stepping 1, cmov, cx8, fxsr, mmx, sse, sse2, sse3, ssse3, sse4.1, sse4.2, popcnt, avx, avx2, aes, erms, ht, tsc, tscinvbit

/proc/cpuinfo:
processor	: 0
vendor_id	: GenuineIntel
cpu family	: 6
model		: 69
model name	: Intel(R) Core(TM) i3-4005U CPU @ 1.70GHz
stepping	: 1
microcode	: 0x1d
cpu MHz		: 1592.089
cache size	: 3072 KB
physical id	: 0
siblings	: 4
core id		: 0
cpu cores	: 2
apicid		: 0
initial apicid	: 0
fpu		: yes
fpu_exception	: yes
cpuid level	: 13
wp		: yes
flags		: fpu vme de pse tsc msr pae mce cx8 apic sep mtrr pge mca cmov pat pse36 clflush dts acpi mmx fxsr sse sse2 ss ht tm pbe syscall nx pdpe1gb rdtscp lm constant_tsc arch_perfmon pebs bts rep_good nopl xtopology nonstop_tsc aperfmperf eagerfpu pni pclmulqdq dtes64 monitor ds_cpl vmx est tm2 ssse3 sdbg fma cx16 xtpr pdcm pcid sse4_1 sse4_2 movbe popcnt tsc_deadline_timer aes xsave avx f16c rdrand lahf_lm abm epb tpr_shadow vnmi flexpriority ept vpid fsgsbase tsc_adjust bmi1 avx2 smep bmi2 erms invpcid xsaveopt dtherm ida arat pln pts
bugs		:
bogomips	: 3392.39
clflush size	: 64
cache_alignment	: 64
address sizes	: 39 bits physical, 48 bits virtual
power management:

processor	: 1
vendor_id	: GenuineIntel
cpu family	: 6
model		: 69
model name	: Intel(R) Core(TM) i3-4005U CPU @ 1.70GHz
stepping	: 1
microcode	: 0x1d
cpu MHz		: 1699.468
cache size	: 3072 KB
physical id	: 0
siblings	: 4
core id		: 0
cpu cores	: 2
apicid		: 1
initial apicid	: 1
fpu		: yes
fpu_exception	: yes
cpuid level	: 13
wp		: yes
flags		: fpu vme de pse tsc msr pae mce cx8 apic sep mtrr pge mca cmov pat pse36 clflush dts acpi mmx fxsr sse sse2 ss ht tm pbe syscall nx pdpe1gb rdtscp lm constant_tsc arch_perfmon pebs bts rep_good nopl xtopology nonstop_tsc aperfmperf eagerfpu pni pclmulqdq dtes64 monitor ds_cpl vmx est tm2 ssse3 sdbg fma cx16 xtpr pdcm pcid sse4_1 sse4_2 movbe popcnt tsc_deadline_timer aes xsave avx f16c rdrand lahf_lm abm epb tpr_shadow vnmi flexpriority ept vpid fsgsbase tsc_adjust bmi1 avx2 smep bmi2 erms invpcid xsaveopt dtherm ida arat pln pts
bugs		:
bogomips	: 3392.39
clflush size	: 64
cache_alignment	: 64
address sizes	: 39 bits physical, 48 bits virtual
power management:

processor	: 2
vendor_id	: GenuineIntel
cpu family	: 6
model		: 69
model name	: Intel(R) Core(TM) i3-4005U CPU @ 1.70GHz
stepping	: 1
microcode	: 0x1d
cpu MHz		: 1697.078
cache size	: 3072 KB
physical id	: 0
siblings	: 4
core id		: 1
cpu cores	: 2
apicid		: 2
initial apicid	: 2
fpu		: yes
fpu_exception	: yes
cpuid level	: 13
wp		: yes
flags		: fpu vme de pse tsc msr pae mce cx8 apic sep mtrr pge mca cmov pat pse36 clflush dts acpi mmx fxsr sse sse2 ss ht tm pbe syscall nx pdpe1gb rdtscp lm constant_tsc arch_perfmon pebs bts rep_good nopl xtopology nonstop_tsc aperfmperf eagerfpu pni pclmulqdq dtes64 monitor ds_cpl vmx est tm2 ssse3 sdbg fma cx16 xtpr pdcm pcid sse4_1 sse4_2 movbe popcnt tsc_deadline_timer aes xsave avx f16c rdrand lahf_lm abm epb tpr_shadow vnmi flexpriority ept vpid fsgsbase tsc_adjust bmi1 avx2 smep bmi2 erms invpcid xsaveopt dtherm ida arat pln pts
bugs		:
bogomips	: 3392.39
clflush size	: 64
cache_alignment	: 64
address sizes	: 39 bits physical, 48 bits virtual
power management:

processor	: 3
vendor_id	: GenuineIntel
cpu family	: 6
model		: 69
model name	: Intel(R) Core(TM) i3-4005U CPU @ 1.70GHz
stepping	: 1
microcode	: 0x1d
cpu MHz		: 1700.000
cache size	: 3072 KB
physical id	: 0
siblings	: 4
core id		: 1
cpu cores	: 2
apicid		: 3
initial apicid	: 3
fpu		: yes
fpu_exception	: yes
cpuid level	: 13
wp		: yes
flags		: fpu vme de pse tsc msr pae mce cx8 apic sep mtrr pge mca cmov pat pse36 clflush dts acpi mmx fxsr sse sse2 ss ht tm pbe syscall nx pdpe1gb rdtscp lm constant_tsc arch_perfmon pebs bts rep_good nopl xtopology nonstop_tsc aperfmperf eagerfpu pni pclmulqdq dtes64 monitor ds_cpl vmx est tm2 ssse3 sdbg fma cx16 xtpr pdcm pcid sse4_1 sse4_2 movbe popcnt tsc_deadline_timer aes xsave avx f16c rdrand lahf_lm abm epb tpr_shadow vnmi flexpriority ept vpid fsgsbase tsc_adjust bmi1 avx2 smep bmi2 erms invpcid xsaveopt dtherm ida arat pln pts
bugs		:
bogomips	: 3392.39
clflush size	: 64
cache_alignment	: 64
address sizes	: 39 bits physical, 48 bits virtual
power management:



Memory: 4k page, physical 3976412k(125016k free), swap 1975292k(152k free)

vm_info: Java HotSpot(TM) 64-Bit Server VM (24.80-b11) for linux-amd64 JRE (1.7.0_80-b15), built on Apr 10 2015 19:53:14 by "java_re" with gcc 4.3.0 20080428 (Red Hat 4.3.0-8)

time: Tue May 30 12:47:16 2017
elapsed time: 35 seconds

